<?xml version="1.0" encoding="UTF-8"?>
<testsuite name="com.iwork.teaching.EmployeeAPITest" tests="4" skipped="0" failures="0" errors="0" timestamp="2022-11-14T11:25:25" hostname="IWORKTECHNOLOGI" time="43.662">
  <properties/>
  <testcase name="createEmployeeTest" classname="com.iwork.teaching.EmployeeAPITest" time="32.7"/>
  <testcase name="getEmployeeTest" classname="com.iwork.teaching.EmployeeAPITest" time="2.357"/>
  <testcase name="editEmployeeTest" classname="com.iwork.teaching.EmployeeAPITest" time="3.316"/>
  <testcase name="deleteEmployeeTest" classname="com.iwork.teaching.EmployeeAPITest" time="5.255"/>
  <system-out><![CDATA[Created Employee: Employee{id=569, first_name='Reagan', last_name='Ramsey', email='reaganramsey@yahoo.com', gender=Female}
Request method:	GET
Request URI:	https://iwork-employee-api.herokuapp.com/employees/569
Proxy:			<none>
Request params:	<none>
Query params:	<none>
Form params:	<none>
Path params:	<none>
Headers:		Accept=*/*
Cookies:		<none>
Multiparts:		<none>
Body:			<none>
]]></system-out>
  <system-err><![CDATA[]]></system-err>
</testsuite>
